<?xml version="1.0" encoding="UTF-8"?>
<!-- Generated by org.testng.reporters.JUnitReportReporter -->
<testsuite hostname="LAPTOP-CJOBJ4OK" failures="0" tests="2" name="ui.tests.HomeTest" time="0.176" errors="0" timestamp="12 Feb 2022 19:20:58 GMT" skipped="0">
  <testcase classname="ui.tests.HomeTest" name="testDocumentationLinkOnHomePage" time="0.111"/>
  <testcase classname="ui.tests.HomeTest" name="testProjectsLinkOnHomePage" time="0.065"/>
</testsuite> <!-- ui.tests.HomeTest -->
