<?xml version="1.0" encoding="UTF-8"?>
<!-- Generated by org.testng.reporters.JUnitReportReporter -->
<testsuite hostname="LAPTOP-CJOBJ4OK" failures="0" tests="3" name="ui.tests.HomeTest_NotUI" time="6.065" errors="0" timestamp="16 Feb 2022 10:44:07 GMT" skipped="0">
  <testcase classname="ui.tests.HomeTest_NotUI" name="HomeTest3" time="2.022"/>
  <testcase classname="ui.tests.HomeTest_NotUI" name="HomeTest2" time="2.024"/>
  <testcase classname="ui.tests.HomeTest_NotUI" name="HomeTest1" time="2.019"/>
</testsuite> <!-- ui.tests.HomeTest_NotUI -->
