<?xml version="1.0" encoding="UTF-8"?>
<!-- Generated by org.testng.reporters.JUnitReportReporter -->
<testsuite hostname="LAPTOP-CJOBJ4OK" failures="0" tests="6" name="ui.selenium_tests.Test1" time="0.294" errors="0" timestamp="16 Feb 2022 09:20:37 GMT" skipped="0">
  <testcase classname="ui.selenium_tests.Test1" name="testDownloadLinksPresence" time="0.036"/>
  <testcase classname="ui.selenium_tests.Test1" name="testDocumentationLinksPresence" time="0.047"/>
  <testcase classname="ui.selenium_tests.Test1" name="testProjectsLinksPresence" time="0.045"/>
  <testcase classname="ui.selenium_tests.Test1" name="testDownloadLinksPresence" time="0.063"/>
  <testcase classname="ui.selenium_tests.Test1" name="testProjectsLinksPresence" time="0.040"/>
  <testcase classname="ui.selenium_tests.Test1" name="testDocumentationLinksPresence" time="0.063"/>
</testsuite> <!-- ui.selenium_tests.Test1 -->
