<?xml version="1.0" encoding="UTF-8"?>
<!-- Generated by org.testng.reporters.JUnitReportReporter -->
<testsuite hostname="LAPTOP-CJOBJ4OK" failures="0" tests="3" name="ui.tests.LoginTest_NotUI" time="6.036" errors="0" timestamp="16 Feb 2022 10:44:07 GMT" skipped="0">
  <testcase classname="ui.tests.LoginTest_NotUI" name="loginTest2" time="2.001"/>
  <testcase classname="ui.tests.LoginTest_NotUI" name="loginTest1" time="2.024"/>
  <testcase classname="ui.tests.LoginTest_NotUI" name="loginTest3" time="2.011"/>
</testsuite> <!-- ui.tests.LoginTest_NotUI -->
